<?xml version="1.0" encoding="UTF-8"?>
<!-- Generated by org.testng.reporters.JUnitReportReporter -->
<testsuite hostname="DESKTOP-GD0GHNL" failures="0" tests="1" name="runner.AmazonApp" time="1.534" errors="0" timestamp="2021-12-23T17:21:39 IST" skipped="0">
  <testcase classname="runner.AmazonApp" name="test" time="1.534"/>
  <system-out/>
</testsuite> <!-- runner.AmazonApp -->
