<?xml version="1.0" encoding="UTF-8"?>
<!-- Generated by org.testng.reporters.JUnitReportReporter -->
<testsuite hostname="DESKTOP-GD0GHNL" failures="0" tests="1" name="runner.uiic" time="1.322" errors="0" timestamp="2022-01-06T13:21:04 IST" skipped="0">
  <testcase classname="runner.uiic" name="test" time="1.322"/>
  <system-out/>
</testsuite> <!-- runner.uiic -->
