<?xml version="1.0" encoding="UTF-8"?>
<!-- Generated by org.testng.reporters.JUnitReportReporter -->
<testsuite hostname="LAPTOP-S1PMD99L" failures="0" tests="1" name="pageObject.LandingPage" time="36.731" errors="0" timestamp="2021-12-21T18:41:42 IST" skipped="0">
  <testcase classname="pageObject.LandingPage" name="basePageNavigate" time="36.731"/>
  <system-out/>
</testsuite> <!-- pageObject.LandingPage -->
