<?xml version="1.0" encoding="UTF-8"?>
<!-- Generated by org.testng.reporters.JUnitReportReporter -->
<testsuite hostname="LAPTOP-S1PMD99L" failures="0" tests="1" name="demo.Demo1" time="0.006" errors="0" timestamp="2021-12-20T12:17:41 IST" skipped="0">
  <testcase classname="demo.Demo1" name="running" time="0.006"/>
  <system-out/>
</testsuite> <!-- demo.Demo1 -->
